<?xml version="1.0" encoding="UTF-8"?>
<!-- Generated by org.testng.reporters.JUnitXMLReporter -->
<testsuite hostname="jkhzlt0586-1906" name="post_tianqiyubao" tests="11" failures="0" timestamp="21 Jul 2020 14:32:08 GMT" time="18.126" errors="0">
  <testcase name="test" time="3.16" classname="com.lemon.aip.auto.cases.login_v7"/>
  <testcase name="test" time="1.551" classname="com.lemon.aip.auto.cases.login_v7"/>
  <testcase name="test" time="1.84" classname="com.lemon.aip.auto.cases.login_v7"/>
  <testcase name="test" time="1.219" classname="com.lemon.aip.auto.cases.login_v7"/>
  <testcase name="test" time="1.213" classname="com.lemon.aip.auto.cases.login_v7"/>
  <testcase name="test" time="1.306" classname="com.lemon.aip.auto.cases.login_v7"/>
  <testcase name="test" time="1.621" classname="com.lemon.aip.auto.cases.login_v8"/>
  <testcase name="test" time="1.315" classname="com.lemon.aip.auto.cases.login_v8"/>
  <testcase name="test" time="1.328" classname="com.lemon.aip.auto.cases.login_v8"/>
  <testcase name="test" time="1.325" classname="com.lemon.aip.auto.cases.login_v8"/>
  <testcase name="test" time="1.651" classname="com.lemon.aip.auto.cases.login_v8"/>
</testsuite> <!-- post_tianqiyubao -->
