<?xml version="1.0" encoding="UTF-8"?>
<testsuite name="TestSuite" time="17.531" tests="11" errors="0" skipped="0" failures="0">
  <properties>
[...]
</properties>
  <testcase name="test" classname="com.lemon.aip.auto.cases.login_v7" time="3.16"/>
  <testcase name="test" classname="com.lemon.aip.auto.cases.login_v7" time="1.551"/>
  <testcase name="test" classname="com.lemon.aip.auto.cases.login_v7" time="1.84"/>
  <testcase name="test" classname="com.lemon.aip.auto.cases.login_v7" time="1.219"/>
  <testcase name="test" classname="com.lemon.aip.auto.cases.login_v7" time="1.213"/>
  <testcase name="test" classname="com.lemon.aip.auto.cases.login_v7" time="1.307"/>
  <testcase name="test" classname="com.lemon.aip.auto.cases.login_v8" time="1.621"/>
  <testcase name="test" classname="com.lemon.aip.auto.cases.login_v8" time="1.316"/>
  <testcase name="test" classname="com.lemon.aip.auto.cases.login_v8" time="1.328"/>
  <testcase name="test" classname="com.lemon.aip.auto.cases.login_v8" time="1.325"/>
  <testcase name="test" classname="com.lemon.aip.auto.cases.login_v8" time="1.651"/>
</testsuite>